\BOOKMARK [1][-]{section*.1}{Introduction}{}% 1
\BOOKMARK [1][-]{section*.2}{State of the art}{}% 2
\BOOKMARK [2][-]{section*.3}{Restricted-Boltzmann Machine}{section*.2}% 3
\BOOKMARK [2][-]{section*.4}{Conditional RBM}{section*.2}% 4
\BOOKMARK [2][-]{section*.5}{Factored Gated cRBM}{section*.2}% 5
\BOOKMARK [2][-]{section*.6}{Sampling from the models}{section*.2}% 6
\BOOKMARK [1][-]{section*.7}{Projective orchestration}{}% 7
\BOOKMARK [2][-]{section*.8}{Database}{section*.7}% 8
\BOOKMARK [2][-]{section*.9}{Data representation}{section*.7}% 9
\BOOKMARK [2][-]{section*.10}{Model definition}{section*.7}% 10
\BOOKMARK [2][-]{section*.11}{Evaluation framework}{section*.7}% 11
\BOOKMARK [2][-]{section*.12}{Measure}{section*.7}% 12
\BOOKMARK [2][-]{section*.13}{Results}{section*.7}% 13
\BOOKMARK [2][-]{section*.14}{Discussion : evaluating a generative model ?}{section*.7}% 14
\BOOKMARK [1][-]{section*.15}{Live Orchestral Piano \(LOP\)}{}% 15
\BOOKMARK [2][-]{section*.16}{Workflow}{section*.15}% 16
\BOOKMARK [2][-]{section*.17}{Interface}{section*.15}% 17
\BOOKMARK [2][-]{section*.18}{Examples}{section*.15}% 18
\BOOKMARK [2][-]{section*.19}{Offline generation}{section*.15}% 19
\BOOKMARK [1][-]{section*.20}{Conclusion and future works}{}% 20
